{"/home/leo/Dev/JSExpert-Spotify/server/config.js": {"path":"/home/leo/Dev/JSExpert-Spotify/server/config.js","statementMap":{"0":{"start":{"line":4,"column":19},"end":{"line":4,"column":58}},"1":{"start":{"line":6,"column":13},"end":{"line":6,"column":36}},"2":{"start":{"line":7,"column":23},"end":{"line":7,"column":42}},"3":{"start":{"line":8,"column":24},"end":{"line":8,"column":44}}},"fnMap":{},"branchMap":{"0":{"loc":{"start":{"line":11,"column":8},"end":{"line":11,"column":32}},"type":"binary-expr","locations":[{"start":{"line":11,"column":8},"end":{"line":11,"column":24}},{"start":{"line":11,"column":28},"end":{"line":11,"column":32}}],"line":11}},"s":{"0":3,"1":3,"2":3,"3":3},"f":{},"b":{"0":[3,3]},"_coverageSchema":"1a1c01bbd47fc00a2c39e90264f33305004495a9","hash":"f83c574a7aeb35eeccbe3c49dede947bc9407beb"}
,"/home/leo/Dev/JSExpert-Spotify/server/controller.js": {"path":"/home/leo/Dev/JSExpert-Spotify/server/controller.js","statementMap":{"0":{"start":{"line":4,"column":4},"end":{"line":4,"column":33}},"1":{"start":{"line":8,"column":4},"end":{"line":8,"column":48}}},"fnMap":{"0":{"name":"(anonymous_0)","decl":{"start":{"line":3,"column":2},"end":{"line":3,"column":3}},"loc":{"start":{"line":3,"column":16},"end":{"line":5,"column":3}},"line":3},"1":{"name":"(anonymous_1)","decl":{"start":{"line":7,"column":2},"end":{"line":7,"column":3}},"loc":{"start":{"line":7,"column":32},"end":{"line":9,"column":3}},"line":7}},"branchMap":{},"s":{"0":2,"1":1},"f":{"0":2,"1":1},"b":{},"_coverageSchema":"1a1c01bbd47fc00a2c39e90264f33305004495a9","hash":"d8d5b2f024c6f56263334b4b4fbe605d6bc07ff8"}
,"/home/leo/Dev/JSExpert-Spotify/server/routes.js": {"path":"/home/leo/Dev/JSExpert-Spotify/server/routes.js","statementMap":{"0":{"start":{"line":9,"column":4},"end":{"line":9,"column":10}},"1":{"start":{"line":11,"column":19},"end":{"line":11,"column":35}},"2":{"start":{"line":14,"column":26},"end":{"line":14,"column":33}},"3":{"start":{"line":16,"column":2},"end":{"line":22,"column":3}},"4":{"start":{"line":17,"column":4},"end":{"line":19,"column":7}},"5":{"start":{"line":21,"column":4},"end":{"line":21,"column":26}},"6":{"start":{"line":24,"column":2},"end":{"line":29,"column":3}},"7":{"start":{"line":25,"column":23},"end":{"line":25,"column":63}},"8":{"start":{"line":28,"column":4},"end":{"line":28,"column":33}},"9":{"start":{"line":31,"column":2},"end":{"line":36,"column":3}},"10":{"start":{"line":32,"column":23},"end":{"line":32,"column":69}},"11":{"start":{"line":35,"column":4},"end":{"line":35,"column":33}},"12":{"start":{"line":39,"column":2},"end":{"line":49,"column":3}},"13":{"start":{"line":40,"column":29},"end":{"line":40,"column":64}},"14":{"start":{"line":41,"column":24},"end":{"line":41,"column":42}},"15":{"start":{"line":42,"column":4},"end":{"line":46,"column":5}},"16":{"start":{"line":43,"column":6},"end":{"line":45,"column":9}},"17":{"start":{"line":48,"column":4},"end":{"line":48,"column":33}},"18":{"start":{"line":51,"column":2},"end":{"line":51,"column":26}},"19":{"start":{"line":52,"column":2},"end":{"line":52,"column":31}},"20":{"start":{"line":56,"column":2},"end":{"line":60,"column":3}},"21":{"start":{"line":57,"column":4},"end":{"line":57,"column":49}},"22":{"start":{"line":58,"column":4},"end":{"line":58,"column":28}},"23":{"start":{"line":59,"column":4},"end":{"line":59,"column":26}},"24":{"start":{"line":62,"column":2},"end":{"line":62,"column":53}},"25":{"start":{"line":63,"column":2},"end":{"line":63,"column":26}},"26":{"start":{"line":64,"column":2},"end":{"line":64,"column":24}},"27":{"start":{"line":68,"column":2},"end":{"line":70,"column":5}},"28":{"start":{"line":69,"column":4},"end":{"line":69,"column":28}}},"fnMap":{"0":{"name":"routes","decl":{"start":{"line":13,"column":15},"end":{"line":13,"column":21}},"loc":{"start":{"line":13,"column":41},"end":{"line":53,"column":1}},"line":13},"1":{"name":"handleError","decl":{"start":{"line":55,"column":9},"end":{"line":55,"column":20}},"loc":{"start":{"line":55,"column":38},"end":{"line":65,"column":1}},"line":55},"2":{"name":"handler","decl":{"start":{"line":67,"column":16},"end":{"line":67,"column":23}},"loc":{"start":{"line":67,"column":34},"end":{"line":71,"column":1}},"line":67},"3":{"name":"(anonymous_3)","decl":{"start":{"line":68,"column":32},"end":{"line":68,"column":33}},"loc":{"start":{"line":68,"column":43},"end":{"line":70,"column":3}},"line":68}},"branchMap":{"0":{"loc":{"start":{"line":16,"column":2},"end":{"line":22,"column":3}},"type":"if","locations":[{"start":{"line":16,"column":2},"end":{"line":22,"column":3}},{"start":{},"end":{}}],"line":16},"1":{"loc":{"start":{"line":16,"column":6},"end":{"line":16,"column":37}},"type":"binary-expr","locations":[{"start":{"line":16,"column":6},"end":{"line":16,"column":22}},{"start":{"line":16,"column":26},"end":{"line":16,"column":37}}],"line":16},"2":{"loc":{"start":{"line":24,"column":2},"end":{"line":29,"column":3}},"type":"if","locations":[{"start":{"line":24,"column":2},"end":{"line":29,"column":3}},{"start":{},"end":{}}],"line":24},"3":{"loc":{"start":{"line":24,"column":6},"end":{"line":24,"column":41}},"type":"binary-expr","locations":[{"start":{"line":24,"column":6},"end":{"line":24,"column":22}},{"start":{"line":24,"column":26},"end":{"line":24,"column":41}}],"line":24},"4":{"loc":{"start":{"line":31,"column":2},"end":{"line":36,"column":3}},"type":"if","locations":[{"start":{"line":31,"column":2},"end":{"line":36,"column":3}},{"start":{},"end":{}}],"line":31},"5":{"loc":{"start":{"line":31,"column":6},"end":{"line":31,"column":47}},"type":"binary-expr","locations":[{"start":{"line":31,"column":6},"end":{"line":31,"column":22}},{"start":{"line":31,"column":26},"end":{"line":31,"column":47}}],"line":31},"6":{"loc":{"start":{"line":39,"column":2},"end":{"line":49,"column":3}},"type":"if","locations":[{"start":{"line":39,"column":2},"end":{"line":49,"column":3}},{"start":{},"end":{}}],"line":39},"7":{"loc":{"start":{"line":42,"column":4},"end":{"line":46,"column":5}},"type":"if","locations":[{"start":{"line":42,"column":4},"end":{"line":46,"column":5}},{"start":{},"end":{}}],"line":42},"8":{"loc":{"start":{"line":56,"column":2},"end":{"line":60,"column":3}},"type":"if","locations":[{"start":{"line":56,"column":2},"end":{"line":60,"column":3}},{"start":{},"end":{}}],"line":56}},"s":{"0":1,"1":1,"2":8,"3":8,"4":1,"5":1,"6":7,"7":1,"8":1,"9":6,"10":1,"11":1,"12":5,"13":4,"14":2,"15":2,"16":1,"17":2,"18":1,"19":1,"20":2,"21":1,"22":1,"23":1,"24":1,"25":1,"26":1,"27":8,"28":2},"f":{"0":8,"1":2,"2":8,"3":2},"b":{"0":[1,7],"1":[8,7],"2":[1,6],"3":[7,6],"4":[1,5],"5":[6,5],"6":[4,1],"7":[1,1],"8":[1,1]},"_coverageSchema":"1a1c01bbd47fc00a2c39e90264f33305004495a9","hash":"bce1db3d8df9387c14229f7026dabe17be159c4f"}
,"/home/leo/Dev/JSExpert-Spotify/server/service.js": {"path":"/home/leo/Dev/JSExpert-Spotify/server/service.js","statementMap":{"0":{"start":{"line":8,"column":4},"end":{"line":8,"column":10}},"1":{"start":{"line":12,"column":4},"end":{"line":12,"column":41}},"2":{"start":{"line":16,"column":25},"end":{"line":16,"column":52}},"3":{"start":{"line":19,"column":4},"end":{"line":19,"column":42}},"4":{"start":{"line":20,"column":21},"end":{"line":20,"column":42}},"5":{"start":{"line":22,"column":4},"end":{"line":25,"column":6}},"6":{"start":{"line":29,"column":27},"end":{"line":29,"column":55}},"7":{"start":{"line":31,"column":4},"end":{"line":34,"column":6}}},"fnMap":{"0":{"name":"(anonymous_0)","decl":{"start":{"line":11,"column":2},"end":{"line":11,"column":3}},"loc":{"start":{"line":11,"column":29},"end":{"line":13,"column":3}},"line":11},"1":{"name":"(anonymous_1)","decl":{"start":{"line":15,"column":2},"end":{"line":15,"column":3}},"loc":{"start":{"line":15,"column":26},"end":{"line":26,"column":3}},"line":15},"2":{"name":"(anonymous_2)","decl":{"start":{"line":28,"column":2},"end":{"line":28,"column":3}},"loc":{"start":{"line":28,"column":28},"end":{"line":35,"column":3}},"line":28}},"branchMap":{},"s":{"0":3,"1":1,"2":1,"3":1,"4":1,"5":1,"6":1,"7":1},"f":{"0":1,"1":1,"2":1},"b":{},"_coverageSchema":"1a1c01bbd47fc00a2c39e90264f33305004495a9","hash":"8a5f59659358f9aac2fbfcf6db470c0a13ed413f"}
,"/home/leo/Dev/JSExpert-Spotify/server/util.js": {"path":"/home/leo/Dev/JSExpert-Spotify/server/util.js","statementMap":{"0":{"start":{"line":3,"column":12},"end":{"line":11,"column":2}},"1":{"start":{"line":13,"column":22},"end":{"line":13,"column":25}}},"fnMap":{},"branchMap":{},"s":{"0":1,"1":1},"f":{},"b":{},"_coverageSchema":"1a1c01bbd47fc00a2c39e90264f33305004495a9","hash":"aec5a8b8dcbd523637f5dec70db49f9c5984fb39"}
}
